<?xml version="1.0" encoding="UTF-8"?>
<testng-results ignored="0" total="3" passed="3" failed="0" skipped="0">
  <reporter-output>
  </reporter-output>
  <suite started-at="2026-02-22T18:18:49 IST" name="HybridSuite" finished-at="2026-02-22T18:19:15 IST" duration-ms="25762">
    <groups>
    </groups>
    <test started-at="2026-02-22T18:18:49 IST" name="LoginTest" finished-at="2026-02-22T18:19:08 IST" duration-ms="18455">
      <class name="com.automation.tests.LoginTest">
        <test-method is-config="true" signature="setupReport()[pri:0, instance:com.automation.tests.LoginTest@7b50df34]" started-at="2026-02-22T18:18:49 IST" name="setupReport" finished-at="2026-02-22T18:18:49 IST" duration-ms="10" status="PASS">
          <reporter-output>
          </reporter-output>
        </test-method> <!-- setupReport -->
        <test-method is-config="true" signature="setUp()[pri:0, instance:com.automation.tests.LoginTest@7b50df34]" started-at="2026-02-22T18:18:51 IST" name="setUp" finished-at="2026-02-22T18:18:53 IST" duration-ms="2251" status="PASS">
          <reporter-output>
          </reporter-output>
        </test-method> <!-- setUp -->
        <test-method signature="loginTest(java.lang.String,java.lang.String)[pri:0, instance:com.automation.tests.LoginTest@7b50df34]" started-at="2026-02-22T18:18:53 IST" name="loginTest" data-provider="loginData" finished-at="2026-02-22T18:18:59 IST" duration-ms="6507" status="PASS">
          <params>
            <param index="0">
              <value>
                <![CDATA[standard_user]]>
              </value>
            </param>
            <param index="1">
              <value>
                <![CDATA[secret_sauce]]>
              </value>
            </param>
          </params>
          <reporter-output>
          </reporter-output>
        </test-method> <!-- loginTest -->
        <test-method is-config="true" signature="tearDown()[pri:0, instance:com.automation.tests.LoginTest@7b50df34]" started-at="2026-02-22T18:18:59 IST" name="tearDown" finished-at="2026-02-22T18:19:00 IST" duration-ms="368" status="PASS">
          <reporter-output>
          </reporter-output>
        </test-method> <!-- tearDown -->
        <test-method is-config="true" signature="setUp()[pri:0, instance:com.automation.tests.LoginTest@7b50df34]" started-at="2026-02-22T18:19:00 IST" name="setUp" finished-at="2026-02-22T18:19:01 IST" duration-ms="1261" status="PASS">
          <reporter-output>
          </reporter-output>
        </test-method> <!-- setUp -->
        <test-method signature="loginTest(java.lang.String,java.lang.String)[pri:0, instance:com.automation.tests.LoginTest@7b50df34]" started-at="2026-02-22T18:19:01 IST" name="loginTest" data-provider="loginData" finished-at="2026-02-22T18:19:07 IST" duration-ms="6480" status="PASS">
          <params>
            <param index="0">
              <value>
                <![CDATA[locked_out_user]]>
              </value>
            </param>
            <param index="1">
              <value>
                <![CDATA[secret_sauce]]>
              </value>
            </param>
          </params>
          <reporter-output>
          </reporter-output>
        </test-method> <!-- loginTest -->
        <test-method is-config="true" signature="tearDown()[pri:0, instance:com.automation.tests.LoginTest@7b50df34]" started-at="2026-02-22T18:19:07 IST" name="tearDown" finished-at="2026-02-22T18:19:08 IST" duration-ms="267" status="PASS">
          <reporter-output>
          </reporter-output>
        </test-method> <!-- tearDown -->
        <test-method is-config="true" signature="flushReport()[pri:0, instance:com.automation.tests.LoginTest@7b50df34]" started-at="2026-02-22T18:19:08 IST" name="flushReport" finished-at="2026-02-22T18:19:08 IST" duration-ms="257" status="PASS">
          <reporter-output>
          </reporter-output>
        </test-method> <!-- flushReport -->
      </class> <!-- com.automation.tests.LoginTest -->
    </test> <!-- LoginTest -->
    <test started-at="2026-02-22T18:19:08 IST" name="EndToEndTestForCheckout" finished-at="2026-02-22T18:19:15 IST" duration-ms="7287">
      <class name="com.automation.tests.EndToEndTest">
        <test-method is-config="true" signature="setupReport()[pri:0, instance:com.automation.tests.EndToEndTest@3fce8fd9]" started-at="2026-02-22T18:19:08 IST" name="setupReport" finished-at="2026-02-22T18:19:08 IST" duration-ms="0" status="PASS">
          <reporter-output>
          </reporter-output>
        </test-method> <!-- setupReport -->
        <test-method is-config="true" signature="setUp()[pri:0, instance:com.automation.tests.EndToEndTest@3fce8fd9]" started-at="2026-02-22T18:19:08 IST" name="setUp" finished-at="2026-02-22T18:19:09 IST" duration-ms="1215" status="PASS">
          <reporter-output>
          </reporter-output>
        </test-method> <!-- setUp -->
        <test-method signature="completePurchaseFlow()[pri:0, instance:com.automation.tests.EndToEndTest@3fce8fd9]" started-at="2026-02-22T18:19:09 IST" name="completePurchaseFlow" finished-at="2026-02-22T18:19:15 IST" duration-ms="5854" status="PASS">
          <reporter-output>
          </reporter-output>
        </test-method> <!-- completePurchaseFlow -->
        <test-method is-config="true" signature="tearDown()[pri:0, instance:com.automation.tests.EndToEndTest@3fce8fd9]" started-at="2026-02-22T18:19:15 IST" name="tearDown" finished-at="2026-02-22T18:19:15 IST" duration-ms="186" status="PASS">
          <reporter-output>
          </reporter-output>
        </test-method> <!-- tearDown -->
        <test-method is-config="true" signature="flushReport()[pri:0, instance:com.automation.tests.EndToEndTest@3fce8fd9]" started-at="2026-02-22T18:19:15 IST" name="flushReport" finished-at="2026-02-22T18:19:15 IST" duration-ms="23" status="PASS">
          <reporter-output>
          </reporter-output>
        </test-method> <!-- flushReport -->
      </class> <!-- com.automation.tests.EndToEndTest -->
    </test> <!-- EndToEndTestForCheckout -->
  </suite> <!-- HybridSuite -->
</testng-results>
